

*******************************************************************************
Sat May  1 19:35:45 2021


FIT:    data read from 'datos.dat' using 1:3
        format = x:z
        x range restricted to [40.0000 : 200.000]
        #datapoints = 6
        residuals are weighted equally (unit weight)

function used for fitting: f(x)
	f(x)= b*x**(-a)
fitted parameters initialized with current variable values

iter      chisq       delta/lim  lambda   a             b            
   0 3.1985630190e+02   0.00e+00  2.04e+02    1.500000e+00   2.860000e+04
   5 5.5300337078e+00  -4.75e-01  2.04e-03    1.503454e+00   2.441457e+04

After 5 iterations the fit converged.
final sum of squares of residuals : 5.53003
rel. change during last iteration : -4.74522e-06

degrees of freedom    (FIT_NDF)                        : 4
rms of residuals      (FIT_STDFIT) = sqrt(WSSR/ndf)    : 1.1758
variance of residuals (reduced chisquare) = WSSR/ndf   : 1.38251

Final set of parameters            Asymptotic Standard Error
=======================            ==========================
a               = 1.50345          +/- 0.05643      (3.753%)
b               = 24414.6          +/- 5732         (23.48%)

correlation matrix of the fit parameters:
                a      b      
a               1.000 
b               0.999  1.000 


*******************************************************************************
Sat May  1 20:36:21 2021


FIT:    data read from 'datosln.dat' using 1:3
        format = x:z
        x range restricted to [2.00000 : 7.00000]
        #datapoints = 6
        residuals are weighted equally (unit weight)

function used for fitting: f(x)
	f(x)= b+x*(a)
fitted parameters initialized with current variable values

iter      chisq       delta/lim  lambda   a             b            
   0 1.8133963150e+02   0.00e+00  4.99e+00    1.500000e+00   2.000000e+00
   5 7.7311989579e-03  -3.20e-05  4.99e-05   -1.399969e+00   9.661862e+00

After 5 iterations the fit converged.
final sum of squares of residuals : 0.0077312
rel. change during last iteration : -3.19761e-10

degrees of freedom    (FIT_NDF)                        : 4
rms of residuals      (FIT_STDFIT) = sqrt(WSSR/ndf)    : 0.0439636
variance of residuals (reduced chisquare) = WSSR/ndf   : 0.0019328

Final set of parameters            Asymptotic Standard Error
=======================            ==========================
a               = -1.39997         +/- 0.04174      (2.982%)
b               = 9.66186          +/- 0.1882       (1.948%)

correlation matrix of the fit parameters:
                a      b      
a               1.000 
b              -0.995  1.000 


*******************************************************************************
Sat May  1 20:46:18 2021


FIT:    data read from 'datosln.dat' using 1:3
        format = x:z
        x range restricted to [2.00000 : 7.00000]
        #datapoints = 6
        residuals are weighted equally (unit weight)

function used for fitting: f(x)
	f(x)= b+x*(a)
fitted parameters initialized with current variable values

iter      chisq       delta/lim  lambda   a             b            
   0 1.8133963150e+02   0.00e+00  4.99e+00    1.500000e+00   2.000000e+00
   5 7.7311989579e-03  -3.20e-05  4.99e-05   -1.399969e+00   9.661862e+00

After 5 iterations the fit converged.
final sum of squares of residuals : 0.0077312
rel. change during last iteration : -3.19761e-10

degrees of freedom    (FIT_NDF)                        : 4
rms of residuals      (FIT_STDFIT) = sqrt(WSSR/ndf)    : 0.0439636
variance of residuals (reduced chisquare) = WSSR/ndf   : 0.0019328

Final set of parameters            Asymptotic Standard Error
=======================            ==========================
a               = -1.39997         +/- 0.04174      (2.982%)
b               = 9.66186          +/- 0.1882       (1.948%)

correlation matrix of the fit parameters:
                a      b      
a               1.000 
b              -0.995  1.000 


*******************************************************************************
Sat May  1 20:47:45 2021


FIT:    data read from 'datos.dat' using 1:3
        format = x:z
        x range restricted to [40.0000 : 200.000]
        #datapoints = 6
        residuals are weighted equally (unit weight)

function used for fitting: f(x)
	f(x)= b*x**(-a)
fitted parameters initialized with current variable values

iter      chisq       delta/lim  lambda   a             b            
   0 3.1985630190e+02   0.00e+00  2.04e+02    1.500000e+00   2.860000e+04
   5 5.5300337078e+00  -4.75e-01  2.04e-03    1.503454e+00   2.441457e+04

After 5 iterations the fit converged.
final sum of squares of residuals : 5.53003
rel. change during last iteration : -4.74522e-06

degrees of freedom    (FIT_NDF)                        : 4
rms of residuals      (FIT_STDFIT) = sqrt(WSSR/ndf)    : 1.1758
variance of residuals (reduced chisquare) = WSSR/ndf   : 1.38251

Final set of parameters            Asymptotic Standard Error
=======================            ==========================
a               = 1.50345          +/- 0.05643      (3.753%)
b               = 24414.6          +/- 5732         (23.48%)

correlation matrix of the fit parameters:
                a      b      
a               1.000 
b               0.999  1.000 


*******************************************************************************
Sat May  1 21:21:25 2021


FIT:    data read from 'datos.dat' using 1:3
        format = x:z
        x range restricted to [40.0000 : 200.000]
        #datapoints = 6
        residuals are weighted equally (unit weight)

function used for fitting: f(x)
	f(x)= b*x**(-a)
fitted parameters initialized with current variable values

iter      chisq       delta/lim  lambda   a             b            
   0 3.1985630190e+02   0.00e+00  2.04e+02    1.500000e+00   2.860000e+04
   5 5.5300337078e+00  -4.75e-01  2.04e-03    1.503454e+00   2.441457e+04

After 5 iterations the fit converged.
final sum of squares of residuals : 5.53003
rel. change during last iteration : -4.74522e-06

degrees of freedom    (FIT_NDF)                        : 4
rms of residuals      (FIT_STDFIT) = sqrt(WSSR/ndf)    : 1.1758
variance of residuals (reduced chisquare) = WSSR/ndf   : 1.38251

Final set of parameters            Asymptotic Standard Error
=======================            ==========================
a               = 1.50345          +/- 0.05643      (3.753%)
b               = 24414.6          +/- 5732         (23.48%)

correlation matrix of the fit parameters:
                a      b      
a               1.000 
b               0.999  1.000 


*******************************************************************************
Sat May  1 21:21:41 2021


FIT:    data read from 'datosln.dat' using 1:3
        format = x:z
        x range restricted to [2.00000 : 7.00000]
        #datapoints = 6
        residuals are weighted equally (unit weight)

function used for fitting: f(x)
	f(x)= b+x*(a)
fitted parameters initialized with current variable values

iter      chisq       delta/lim  lambda   a             b            
   0 1.8133963150e+02   0.00e+00  4.99e+00    1.500000e+00   2.000000e+00
   5 7.7311989579e-03  -3.20e-05  4.99e-05   -1.399969e+00   9.661862e+00

After 5 iterations the fit converged.
final sum of squares of residuals : 0.0077312
rel. change during last iteration : -3.19761e-10

degrees of freedom    (FIT_NDF)                        : 4
rms of residuals      (FIT_STDFIT) = sqrt(WSSR/ndf)    : 0.0439636
variance of residuals (reduced chisquare) = WSSR/ndf   : 0.0019328

Final set of parameters            Asymptotic Standard Error
=======================            ==========================
a               = -1.39997         +/- 0.04174      (2.982%)
b               = 9.66186          +/- 0.1882       (1.948%)

correlation matrix of the fit parameters:
                a      b      
a               1.000 
b              -0.995  1.000 


*******************************************************************************
Sat May  1 21:22:07 2021


FIT:    data read from 'datosln.dat' using 1:3
        format = x:z
        x range restricted to [2.00000 : 7.00000]
        #datapoints = 6
        residuals are weighted equally (unit weight)

function used for fitting: f(x)
	f(x)= b+x*(a)
fitted parameters initialized with current variable values

iter      chisq       delta/lim  lambda   a             b            
   0 1.8133963150e+02   0.00e+00  4.99e+00    1.500000e+00   2.000000e+00
   5 7.7311989579e-03  -3.20e-05  4.99e-05   -1.399969e+00   9.661862e+00

After 5 iterations the fit converged.
final sum of squares of residuals : 0.0077312
rel. change during last iteration : -3.19761e-10

degrees of freedom    (FIT_NDF)                        : 4
rms of residuals      (FIT_STDFIT) = sqrt(WSSR/ndf)    : 0.0439636
variance of residuals (reduced chisquare) = WSSR/ndf   : 0.0019328

Final set of parameters            Asymptotic Standard Error
=======================            ==========================
a               = -1.39997         +/- 0.04174      (2.982%)
b               = 9.66186          +/- 0.1882       (1.948%)

correlation matrix of the fit parameters:
                a      b      
a               1.000 
b              -0.995  1.000 


*******************************************************************************
Sat May  1 21:23:52 2021


FIT:    data read from 'datosln.dat' using 1:3
        format = x:z
        x range restricted to [2.00000 : 7.00000]
        #datapoints = 6
        residuals are weighted equally (unit weight)

function used for fitting: f(x)
	f(x)= b+x*(a)
fitted parameters initialized with current variable values

iter      chisq       delta/lim  lambda   a             b            
   0 1.8133963150e+02   0.00e+00  4.99e+00    1.500000e+00   2.000000e+00
   5 7.7311989579e-03  -3.20e-05  4.99e-05   -1.399969e+00   9.661862e+00

After 5 iterations the fit converged.
final sum of squares of residuals : 0.0077312
rel. change during last iteration : -3.19761e-10

degrees of freedom    (FIT_NDF)                        : 4
rms of residuals      (FIT_STDFIT) = sqrt(WSSR/ndf)    : 0.0439636
variance of residuals (reduced chisquare) = WSSR/ndf   : 0.0019328

Final set of parameters            Asymptotic Standard Error
=======================            ==========================
a               = -1.39997         +/- 0.04174      (2.982%)
b               = 9.66186          +/- 0.1882       (1.948%)

correlation matrix of the fit parameters:
                a      b      
a               1.000 
b              -0.995  1.000 


*******************************************************************************
Sat May  1 23:16:05 2021


FIT:    data read from 'datln.dat' using 1:3
        format = x:z
        x range restricted to [2.00000 : 7.00000]
        #datapoints = 6
        residuals are weighted equally (unit weight)

function used for fitting: f(x)
	f(x)= b+x*(a)
fitted parameters initialized with current variable values

iter      chisq       delta/lim  lambda   a             b            
   0 1.8140049727e+02   0.00e+00  4.99e+00    1.500000e+00   2.000000e+00
   5 6.5925471808e-03  -3.73e-05  4.99e-05   -1.395284e+00   9.639176e+00

After 5 iterations the fit converged.
final sum of squares of residuals : 0.00659255
rel. change during last iteration : -3.72679e-10

degrees of freedom    (FIT_NDF)                        : 4
rms of residuals      (FIT_STDFIT) = sqrt(WSSR/ndf)    : 0.0405973
variance of residuals (reduced chisquare) = WSSR/ndf   : 0.00164814

Final set of parameters            Asymptotic Standard Error
=======================            ==========================
a               = -1.39528         +/- 0.03854      (2.762%)
b               = 9.63918          +/- 0.1738       (1.803%)

correlation matrix of the fit parameters:
                a      b      
a               1.000 
b              -0.995  1.000 
